<?xml version="1.0" encoding="UTF-8"?>
<!-- Generated by org.testng.reporters.JUnitReportReporter -->
<testsuite hostname="localhost.localdomain" name="com.techbeamers.test.GoogleHomePageTitle" tests="1" failures="0" timestamp="7 Sep 2019 03:12:22 GMT" time="0.668" errors="0">
  <testcase name="verifyGooglePageTittle" time="0.668" classname="com.techbeamers.test.GoogleHomePageTitle"/>
</testsuite> <!-- com.techbeamers.test.GoogleHomePageTitle -->
